<?xml version="1.0" encoding="utf-8"?>
<coverage line-rate="0.5661" branch-rate="0.3264" version="1.9" timestamp="1788954726" lines-covered="1728" lines-valid="3052" branches-covered="491" branches-valid="1504">
  <sources>
    <source>/app/</source>
  </sources>
  <packages>
    <package name="AssistenciaTech" line-rate="0.5661" branch-rate="0.3264" complexity="1785">
      <classes>
        <class name="Program" filename="Program.cs" line-rate="0" branch-rate="0" complexity="36">
          <methods>
            <method name="&lt;Main&gt;$" signature="(System.String[])" line-rate="0" branch-rate="0" complexity="36">
              <lines>
                <line number="13" hits="0" branch="False" />
                <line number="16" hits="0" branch="False" />
                <line number="17" hits="0" branch="False" />
                <line number="18" hits="0" branch="False" />
                <line number="19" hits="0" branch="False" />
                <line number="20" hits="0" branch="False" />
                <line number="21" hits="0" branch="False" />
                <line number="22" hits="0" branch="False" />
                <line number="23" hits="0" branch="False" />
                <line number="24" hits="0" branch="False" />
                <line number="25" hits="0" branch="False" />
                <line number="26" hits="0" branch="False" />
                <line number="27" hits="0" branch="False" />
                <line number="28" hits="0" branch="False" />
                <line number="31" hits="0" branch="False" />
                <line number="33" hits="0" branch="True" condition-coverage="0% (0/2)">
                  <conditions>
                    <condition number="201" type="jump" coverage="0%" />
                  </conditions>
                </line>
                <line number="34" hits="0" branch="False" />
                <line number="35" hits="0" branch="False" />
                <line number="36" hits="0" branch="False" />
                <line number="37" hits="0" branch="True" condition-coverage="0% (0/2)">
                  <conditions>
                    <condition number="239" type="jump" coverage="0%" />
                  </conditions>
                </line>
                <line number="38" hits="0" branch="False" />
                <line number="40" hits="0" branch="True" condition-coverage="0% (0/2)">
                  <conditions>
                    <condition number="269" type="jump" coverage="0%" />
                  </conditions>
                </line>
                <line number="41" hits="0" branch="False" />
                <line number="42" hits="0" branch="False" />
                <line number="43" hits="0" branch="False" />
                <line number="44" hits="0" branch="True" condition-coverage="0% (0/2)">
                  <conditions>
                    <condition number="319" type="jump" coverage="0%" />
                  </conditions>
                </line>
                <line number="45" hits="0" branch="False" />
                <line number="46" hits="0" branch="False" />
                <line number="47" hits="0" branch="False" />
                <line number="49" hits="0" branch="False" />
                <line number="50" hits="0" branch="False" />
                <line number="51" hits="0" branch="False" />
                <line number="52" hits="0" branch="False" />
                <line number="53" hits="0" branch="False" />
                <line number="54" hits="0" branch="False" />
                <line number="55" hits="0" branch="False" />
                <line number="57" hits="0" branch="False" />
                <line number="59" hits="0" branch="False" />
                <line number="60" hits="0" branch="False" />
                <line number="61" hits="0" branch="False" />
                <line number="64" hits="0" branch="False" />
                <line number="66" hits="0" branch="False" />
                <line number="67" hits="0" branch="False" />
                <line number="71" hits="0" branch="False" />
                <line number="73" hits="0" branch="True" condition-coverage="0% (0/6)">
                  <conditions>
                    <condition number="477" type="jump" coverage="0%" />
                    <condition number="495" type="jump" coverage="0%" />
                    <condition number="523" type="jump" coverage="0%" />
                  </conditions>
                </line>
                <line number="74" hits="0" branch="False" />
                <line number="76" hits="0" branch="False" />
                <line number="77" hits="0" branch="False" />
                <line number="78" hits="0" branch="False" />
                <line number="79" hits="0" branch="True" condition-coverage="0% (0/2)">
                  <conditions>
                    <condition number="588" type="jump" coverage="0%" />
                  </conditions>
                </line>
                <line number="80" hits="0" branch="False" />
                <line number="81" hits="0" branch="False" />
                <line number="82" hits="0" branch="False" />
                <line number="83" hits="0" branch="False" />
                <line number="84" hits="0" branch="False" />
                <line number="85" hits="0" branch="False" />
                <line number="87" hits="0" branch="True" condition-coverage="0% (0/2)">
                  <conditions>
                    <condition number="655" type="jump" coverage="0%" />
                  </conditions>
                </line>
                <line number="88" hits="0" branch="False" />
                <line number="89" hits="0" branch="False" />
                <line number="90" hits="0" branch="False" />
                <line number="92" hits="0" branch="True" condition-coverage="0% (0/2)">
                  <conditions>
                    <condition number="692" type="jump" coverage="0%" />
                  </conditions>
                </line>
                <line number="93" hits="0" branch="False" />
                <line number="94" hits="0" branch="False" />
                <line number="95" hits="0" branch="False" />
                <line number="96" hits="0" branch="False" />
                <line number="98" hits="0" branch="False" />
                <line number="99" hits="0" branch="False" />
                <line number="100" hits="0" branch="False" />
                <line number="101" hits="0" branch="False" />
                <line number="102" hits="0" branch="False" />
                <line number="103" hits="0" branch="False" />
                <line number="104" hits="0" branch="False" />
                <line number="105" hits="0" branch="False" />
                <line number="107" hits="0" branch="False" />
                <line number="108" hits="0" branch="False" />
                <line number="110" hits="0" branch="False" />
                <line number="111" hits="0" branch="False" />
                <line number="112" hits="0" branch="False" />
                <line number="113" hits="0" branch="False" />
                <line number="114" hits="0" branch="False" />
                <line number="115" hits="0" branch="False" />
                <line number="118" hits="0" branch="False" />
                <line number="119" hits="0" branch="False" />
                <line number="122" hits="0" branch="True" condition-coverage="0% (0/2)">
                  <conditions>
                    <condition number="868" type="jump" coverage="0%" />
                  </conditions>
                </line>
                <line number="123" hits="0" branch="True" condition-coverage="0% (0/2)">
                  <conditions>
                    <condition number="905" type="jump" coverage="0%" />
                  </conditions>
                </line>
                <line number="124" hits="0" branch="True" condition-coverage="0% (0/2)">
                  <conditions>
                    <condition number="936" type="jump" coverage="0%" />
                  </conditions>
                </line>
                <line number="126" hits="0" branch="False" />
                <line number="127" hits="0" branch="False" />
                <line number="128" hits="0" branch="False" />
                <line number="129" hits="0" branch="False" />
                <line number="130" hits="0" branch="False" />
                <line number="131" hits="0" branch="False" />
                <line number="132" hits="0" branch="False" />
                <line number="133" hits="0" branch="False" />
                <line number="134" hits="0" branch="False" />
                <line number="135" hits="0" branch="False" />
                <line number="136" hits="0" branch="False" />
                <line number="137" hits="0" branch="False" />
                <line number="138" hits="0" branch="False" />
                <line number="139" hits="0" branch="False" />
                <line number="140" hits="0" branch="False" />
                <line number="141" hits="0" branch="False" />
                <line number="142" hits="0" branch="False" />
                <line number="143" hits="0" branch="False" />
                <line number="144" hits="0" branch="False" />
                <line number="145" hits="0" branch="False" />
                <line number="146" hits="0" branch="False" />
                <line number="147" hits="0" branch="False" />
                <line number="148" hits="0" branch="False" />
                <line number="149" hits="0" branch="False" />
                <line number="150" hits="0" branch="False" />
                <line number="151" hits="0" branch="False" />
                <line number="154" hits="0" branch="False" />
                <line number="158" hits="0" branch="False" />
                <line number="159" hits="0" branch="False" />
                <line number="160" hits="0" branch="False" />
                <line number="161" hits="0" branch="False" />
                <line number="162" hits="0" branch="False" />
                <line number="163" hits="0" branch="False" />
                <line number="165" hits="0" branch="False" />
                <line number="167" hits="0" branch="False" />
                <line number="168" hits="0" branch="False" />
                <line number="169" hits="0" branch="False" />
                <line number="170" hits="0" branch="False" />
                <line number="171" hits="0" branch="False" />
                <line number="173" hits="0" branch="False" />
                <line number="175" hits="0" branch="False" />
                <line number="179" hits="0" branch="False" />
                <line number="180" hits="0" branch="False" />
                <line number="181" hits="0" branch="False" />
                <line number="183" hits="0" branch="False" />
                <line number="184" hits="0" branch="False" />
                <line number="186" hits="0" branch="False" />
                <line number="189" hits="0" branch="False" />
                <line number="192" hits="0" branch="False" />
                <line number="193" hits="0" branch="True" condition-coverage="0% (0/2)">
                  <conditions>
                    <condition number="1272" type="jump" coverage="0%" />
                  </conditions>
                </line>
                <line number="194" hits="0" branch="False" />
                <line number="196" hits="0" branch="True" condition-coverage="0% (0/2)">
                  <conditions>
                    <condition number="1310" type="jump" coverage="0%" />
                  </conditions>
                </line>
                <line number="197" hits="0" branch="False" />
                <line number="198" hits="0" branch="False" />
                <line number="199" hits="0" branch="False" />
                <line number="200" hits="0" branch="False" />
                <line number="203" hits="0" branch="True" condition-coverage="0% (0/2)">
                  <conditions>
                    <condition number="1467" type="jump" coverage="0%" />
                  </conditions>
                </line>
                <line number="204" hits="0" branch="False" />
                <line number="205" hits="0" branch="False" />
                <line number="206" hits="0" branch="False" />
                <line number="207" hits="0" branch="False" />
                <line number="208" hits="0" branch="False" />
                <line number="209" hits="0" branch="False" />
                <line number="210" hits="0" branch="False" />
                <line number="211" hits="0" branch="False" />
                <line number="212" hits="0" branch="False" />
                <line number="213" hits="0" branch="False" />
                <line number="214" hits="0" branch="False" />
                <line number="217" hits="0" branch="False" />
                <line number="218" hits="0" branch="False" />
                <line number="219" hits="0" branch="False" />
                <line number="220" hits="0" branch="False" />
                <line number="221" hits="0" branch="False" />
                <line number="222" hits="0" branch="False" />
                <line number="223" hits="0" branch="False" />
                <line number="224" hits="0" branch="False" />
                <line number="225" hits="0" branch="False" />
                <line number="226" hits="0" branch="False" />
                <line number="227" hits="0" branch="False" />
                <line number="228" hits="0" branch="False" />
                <line number="229" hits="0" branch="False" />
                <line number="230" hits="0" branch="False" />
                <line number="231" hits="0" branch="False" />
                <line number="232" hits="0" branch="False" />
                <line number="233" hits="0" branch="False" />
                <line number="234" hits="0" branch="False" />
                <line number="235" hits="0" branch="False" />
                <line number="236" hits="0" branch="False" />
                <line number="237" hits="0" branch="False" />
                <line number="238" hits="0" branch="False" />
                <line number="239" hits="0" branch="False" />
                <line number="240" hits="0" branch="False" />
                <line number="241" hits="0" branch="False" />
                <line number="242" hits="0" branch="False" />
                <line number="243" hits="0" branch="False" />
                <line number="244" hits="0" branch="False" />
                <line number="245" hits="0" branch="False" />
                <line number="246" hits="0" branch="False" />
                <line number="247" hits="0" branch="False" />
                <line number="248" hits="0" branch="False" />
                <line number="249" hits="0" branch="False" />
                <line number="250" hits="0" branch="False" />
                <line number="251" hits="0" branch="False" />
                <line number="252" hits="0" branch="False" />
                <line number="253" hits="0" branch="False" />
                <line number="254" hits="0" branch="False" />
                <line number="255" hits="0" branch="False" />
                <line number="256" hits="0" branch="False" />
                <line number="257" hits="0" branch="False" />
                <line number="258" hits="0" branch="False" />
                <line number="259" hits="0" branch="False" />
                <line number="260" hits="0" branch="False" />
                <line number="261" hits="0" branch="False" />
                <line number="262" hits="0" branch="False" />
                <line number="263" hits="0" branch="False" />
                <line number="264" hits="0" branch="False" />
                <line number="265" hits="0" branch="False" />
                <line number="266" hits="0" branch="False" />
                <line number="267" hits="0" branch="False" />
                <line number="268" hits="0" branch="False" />
                <line number="269" hits="0" branch="False" />
                <line number="270" hits="0" branch="False" />
                <line number="271" hits="0" branch="False" />
                <line number="272" hits="0" branch="False" />
                <line number="273" hits="0" branch="False" />
                <line number="274" hits="0" branch="False" />
                <line number="275" hits="0" branch="False" />
                <line number="276" hits="0" branch="False" />
                <line number="277" hits="0" branch="False" />
                <line number="278" hits="0" branch="False" />
                <line number="279" hits="0" branch="False" />
                <line number="280" hits="0" branch="False" />
                <line number="281" hits="0" branch="False" />
                <line number="282" hits="0" branch="False" />
                <line number="283" hits="0" branch="False" />
                <line number="284" hits="0" branch="False" />
                <line number="285" hits="0" branch="False" />
                <line number="286" hits="0" branch="False" />
                <line number="287" hits="0" branch="False" />
                <line number="288" hits="0" branch="False" />
                <line number="289" hits="0" branch="False" />
                <line number="290" hits="0" branch="False" />
                <line number="291" hits="0" branch="False" />
                <line number="292" hits="0" branch="False" />
                <line number="293" hits="0" branch="False" />
                <line number="294" hits="0" branch="False" />
                <line number="295" hits="0" branch="False" />
                <line number="296" hits="0" branch="False" />
                <line number="297" hits="0" branch="False" />
                <line number="298" hits="0" branch="False" />
                <line number="299" hits="0" branch="False" />
                <line number="300" hits="0" branch="False" />
                <line number="301" hits="0" branch="False" />
                <line number="302" hits="0" branch="False" />
                <line number="303" hits="0" branch="False" />
                <line number="304" hits="0" branch="False" />
                <line number="305" hits="0" branch="False" />
                <line number="306" hits="0" branch="False" />
                <line number="307" hits="0" branch="False" />
                <line number="308" hits="0" branch="False" />
                <line number="309" hits="0" branch="False" />
                <line number="310" hits="0" branch="False" />
                <line number="311" hits="0" branch="False" />
                <line number="312" hits="0" branch="False" />
                <line number="313" hits="0" branch="False" />
                <line number="314" hits="0" branch="False" />
                <line number="315" hits="0" branch="False" />
                <line number="316" hits="0" branch="False" />
                <line number="317" hits="0" branch="False" />
                <line number="318" hits="0" branch="False" />
                <line number="319" hits="0" branch="False" />
                <line number="320" hits="0" branch="False" />
                <line number="321" hits="0" branch="False" />
                <line number="322" hits="0" branch="False" />
                <line number="323" hits="0" branch="False" />
                <line number="324" hits="0" branch="False" />
                <line number="325" hits="0" branch="False" />
                <line number="326" hits="0" branch="False" />
                <line number="327" hits="0" branch="False" />
                <line number="330" hits="0" branch="False" />
                <line number="331" hits="0" branch="False" />
                <line number="332" hits="0" branch="False" />
                <line number="333" hits="0" branch="False" />
                <line number="334" hits="0" branch="False" />
                <line number="335" hits="0" branch="False" />
                <line number="336" hits="0" branch="False" />
                <line number="337" hits="0" branch="False" />
                <line number="340" hits="0" branch="False" />
                <line number="341" hits="0" branch="False" />
                <line number="342" hits="0" branch="True" condition-coverage="0% (0/2)">
                  <conditions>
                    <condition number="1747" type="jump" coverage="0%" />
                  </conditions>
                </line>
                <line number="343" hits="0" branch="False" />
                <line number="344" hits="0" branch="False" />
                <line number="345" hits="0" branch="False" />
                <line number="346" hits="0" branch="False" />
                <line number="347" hits="0" branch="False" />
                <line number="348" hits="0" branch="False" />
                <line number="350" hits="0" branch="False" />
                <line number="351" hits="0" branch="False" />
                <line number="353" hits="0" branch="False" />
                <line number="354" hits="0" branch="False" />
                <line number="355" hits="0" branch="False" />
                <line number="356" hits="0" branch="False" />
                <line number="357" hits="0" branch="False" />
                <line number="358" hits="0" branch="False" />
                <line number="359" hits="0" branch="False" />
                <line number="360" hits="0" branch="False" />
                <line number="361" hits="0" branch="False" />
                <line number="362" hits="0" branch="False" />
                <line number="365" hits="0" branch="True" condition-coverage="0% (0/2)">
                  <conditions>
                    <condition number="1909" type="jump" coverage="0%" />
                  </conditions>
                </line>
                <line number="366" hits="0" branch="False" />
                <line number="367" hits="0" branch="False" />
                <line number="368" hits="0" branch="False" />
                <line number="369" hits="0" branch="False" />
                <line number="372" hits="0" branch="False" />
                <line number="373" hits="0" branch="False" />
                <line number="375" hits="0" branch="False" />
                <line number="378" hits="0" branch="False" />
                <line number="379" hits="0" branch="False" />
                <line number="381" hits="0" branch="False" />
                <line number="382" hits="0" branch="False" />
                <line number="383" hits="0" branch="False" />
                <line number="385" hits="0" branch="False" />
              </lines>
            </method>
          </methods>
          <lines>
            <line number="13" hits="0" branch="False" />
            <line number="16" hits="0" branch="False" />
            <line number="17" hits="0" branch="False" />
            <line number="18" hits="0" branch="False" />
            <line number="19" hits="0" branch="False" />
            <line number="20" hits="0" branch="False" />
            <line number="21" hits="0" branch="False" />
            <line number="22" hits="0" branch="False" />
            <line number="23" hits="0" branch="False" />
            <line number="24" hits="0" branch="False" />
            <line number="25" hits="0" branch="False" />
            <line number="26" hits="0" branch="False" />
            <line number="27" hits="0" branch="False" />
            <line number="28" hits="0" branch="False" />
            <line number="31" hits="0" branch="False" />
            <line number="33" hits="0" branch="True" condition-coverage="0% (0/2)">
              <conditions>
                <condition number="201" type="jump" coverage="0%" />
              </conditions>
            </line>
            <line number="34" hits="0" branch="False" />
            <line number="35" hits="0" branch="False" />
            <line number="36" hits="0" branch="False" />
            <line number="37" hits="0" branch="True" condition-coverage="0% (0/2)">
              <conditions>
                <condition number="239" type="jump" coverage="0%" />
              </conditions>
            </line>
            <line number="38" hits="0" branch="False" />
            <line number="40" hits="0" branch="True" condition-coverage="0% (0/2)">
              <conditions>
                <condition number="269" type="jump" coverage="0%" />
              </conditions>
            </line>
            <line number="41" hits="0" branch="False" />
            <line number="42" hits="0" branch="False" />
            <line number="43" hits="0" branch="False" />
            <line number="44" hits="0" branch="True" condition-coverage="0% (0/2)">
              <conditions>
                <condition number="319" type="jump" coverage="0%" />
              </conditions>
            </line>
            <line number="45" hits="0" branch="False" />
            <line number="46" hits="0" branch="False" />
            <line number="47" hits="0" branch="False" />
            <line number="49" hits="0" branch="False" />
            <line number="50" hits="0" branch="False" />
            <line number="51" hits="0" branch="False" />
            <line number="52" hits="0" branch="False" />
            <line number="53" hits="0" branch="False" />
            <line number="54" hits="0" branch="False" />
            <line number="55" hits="0" branch="False" />
            <line number="57" hits="0" branch="False" />
            <line number="59" hits="0" branch="False" />
            <line number="60" hits="0" branch="False" />
            <line number="61" hits="0" branch="False" />
            <line number="64" hits="0" branch="False" />
            <line number="66" hits="0" branch="False" />
            <line number="67" hits="0" branch="False" />
            <line number="71" hits="0" branch="False" />
            <line number="73" hits="0" branch="True" condition-coverage="0% (0/6)">
              <conditions>
                <condition number="477" type="jump" coverage="0%" />
                <condition number="495" type="jump" coverage="0%" />
                <condition number="523" type="jump" coverage="0%" />
              </conditions>
            </line>
            <line number="74" hits="0" branch="False" />
            <line number="76" hits="0" branch="False" />
            <line number="77" hits="0" branch="False" />
            <line number="78" hits="0" branch="False" />
            <line number="79" hits="0" branch="True" condition-coverage="0% (0/2)">
              <conditions>
                <condition number="588" type="jump" coverage="0%" />
              </conditions>
            </line>
            <line number="80" hits="0" branch="False" />
            <line number="81" hits="0" branch="False" />
            <line number="82" hits="0" branch="False" />
            <line number="83" hits="0" branch="False" />
            <line number="84" hits="0" branch="False" />
            <line number="85" hits="0" branch="False" />
            <line number="87" hits="0" branch="True" condition-coverage="0% (0/2)">
              <conditions>
                <condition number="655" type="jump" coverage="0%" />
              </conditions>
            </line>
            <line number="88" hits="0" branch="False" />
            <line number="89" hits="0" branch="False" />
            <line number="90" hits="0" branch="False" />
            <line number="92" hits="0" branch="True" condition-coverage="0% (0/2)">
              <conditions>
                <condition number="692" type="jump" coverage="0%" />
              </conditions>
            </line>
            <line number="93" hits="0" branch="False" />
            <line number="94" hits="0" branch="False" />
            <line number="95" hits="0" branch="False" />
            <line number="96" hits="0" branch="False" />
            <line number="98" hits="0" branch="False" />
            <line number="99" hits="0" branch="False" />
            <line number="100" hits="0" branch="False" />
            <line number="101" hits="0" branch="False" />
            <line number="102" hits="0" branch="False" />
            <line number="103" hits="0" branch="False" />
            <line number="104" hits="0" branch="False" />
            <line number="105" hits="0" branch="False" />
            <line number="107" hits="0" branch="False" />
            <line number="108" hits="0" branch="False" />
            <line number="110" hits="0" branch="False" />
            <line number="111" hits="0" branch="False" />
            <line number="112" hits="0" branch="False" />
            <line number="113" hits="0" branch="False" />
            <line number="114" hits="0" branch="False" />
            <line number="115" hits="0" branch="False" />
            <line number="118" hits="0" branch="False" />
            <line number="119" hits="0" branch="False" />
            <line number="122" hits="0" branch="True" condition-coverage="0% (0/2)">
              <conditions>
                <condition number="868" type="jump" coverage="0%" />
              </conditions>
            </line>
            <line number="123" hits="0" branch="True" condition-coverage="0% (0/2)">
              <conditions>
                <condition number="905" type="jump" coverage="0%" />
              </conditions>
            </line>
            <line number="124" hits="0" branch="True" condition-coverage="0% (0/2)">
              <conditions>
                <condition number="936" type="jump" coverage="0%" />
              </conditions>
            </line>
            <line number="126" hits="0" branch="False" />
            <line number="127" hits="0" branch="False" />
            <line number="128" hits="0" branch="False" />
            <line number="129" hits="0" branch="False" />
            <line number="130" hits="0" branch="False" />
            <line number="131" hits="0" branch="False" />
            <line number="132" hits="0" branch="False" />
            <line number="133" hits="0" branch="False" />
            <line number="134" hits="0" branch="False" />
            <line number="135" hits="0" branch="False" />
            <line number="136" hits="0" branch="False" />
            <line number="137" hits="0" branch="False" />
            <line number="138" hits="0" branch="False" />
            <line number="139" hits="0" branch="False" />
            <line number="140" hits="0" branch="False" />
            <line number="141" hits="0" branch="False" />
            <line number="142" hits="0" branch="False" />
            <line number="143" hits="0" branch="False" />
            <line number="144" hits="0" branch="False" />
            <line number="145" hits="0" branch="False" />
            <line number="146" hits="0" branch="False" />
            <line number="147" hits="0" branch="False" />
            <line number="148" hits="0" branch="False" />
            <line number="149" hits="0" branch="False" />
            <line number="150" hits="0" branch="False" />
            <line number="151" hits="0" branch="False" />
            <line number="154" hits="0" branch="False" />
            <line number="158" hits="0" branch="False" />
            <line number="159" hits="0" branch="False" />
            <line number="160" hits="0" branch="False" />
            <line number="161" hits="0" branch="False" />
            <line number="162" hits="0" branch="False" />
            <line number="163" hits="0" branch="False" />
            <line number="165" hits="0" branch="False" />
            <line number="167" hits="0" branch="False" />
            <line number="168" hits="0" branch="False" />
            <line number="169" hits="0" branch="False" />
            <line number="170" hits="0" branch="False" />
            <line number="171" hits="0" branch="False" />
            <line number="173" hits="0" branch="False" />
            <line number="175" hits="0" branch="False" />
            <line number="179" hits="0" branch="False" />
            <line number="180" hits="0" branch="False" />
            <line number="181" hits="0" branch="False" />
            <line number="183" hits="0" branch="False" />
            <line number="184" hits="0" branch="False" />
            <line number="186" hits="0" branch="False" />
            <line number="189" hits="0" branch="False" />
            <line number="192" hits="0" branch="False" />
            <line number="193" hits="0" branch="True" condition-coverage="0% (0/2)">
              <conditions>
                <condition number="1272" type="jump" coverage="0%" />
              </conditions>
            </line>
            <line number="194" hits="0" branch="False" />
            <line number="196" hits="0" branch="True" condition-coverage="0% (0/2)">
              <conditions>
                <condition number="1310" type="jump" coverage="0%" />
              </conditions>
            </line>
            <line number="197" hits="0" branch="False" />
            <line number="198" hits="0" branch="False" />
            <line number="199" hits="0" branch="False" />
            <line number="200" hits="0" branch="False" />
            <line number="203" hits="0" branch="True" condition-coverage="0% (0/2)">
              <conditions>
                <condition number="1467" type="jump" coverage="0%" />
              </conditions>
            </line>
            <line number="204" hits="0" branch="False" />
            <line number="205" hits="0" branch="False" />
            <line number="206" hits="0" branch="False" />
            <line number="207" hits="0" branch="False" />
            <line number="208" hits="0" branch="False" />
            <line number="209" hits="0" branch="False" />
            <line number="210" hits="0" branch="False" />
            <line number="211" hits="0" branch="False" />
            <line number="212" hits="0" branch="False" />
            <line number="213" hits="0" branch="False" />
            <line number="214" hits="0" branch="False" />
            <line number="217" hits="0" branch="False" />
            <line number="218" hits="0" branch="False" />
            <line number="219" hits="0" branch="False" />
            <line number="220" hits="0" branch="False" />
            <line number="221" hits="0" branch="False" />
            <line number="222" hits="0" branch="False" />
            <line number="223" hits="0" branch="False" />
            <line number="224" hits="0" branch="False" />
            <line number="225" hits="0" branch="False" />
            <line number="226" hits="0" branch="False" />
            <line number="227" hits="0" branch="False" />
            <line number="228" hits="0" branch="False" />
            <line number="229" hits="0" branch="False" />
            <line number="230" hits="0" branch="False" />
            <line number="231" hits="0" branch="False" />
            <line number="232" hits="0" branch="False" />
            <line number="233" hits="0" branch="False" />
            <line number="234" hits="0" branch="False" />
            <line number="235" hits="0" branch="False" />
            <line number="236" hits="0" branch="False" />
            <line number="237" hits="0" branch="False" />
            <line number="238" hits="0" branch="False" />
            <line number="239" hits="0" branch="False" />
            <line number="240" hits="0" branch="False" />
            <line number="241" hits="0" branch="False" />
            <line number="242" hits="0" branch="False" />
            <line number="243" hits="0" branch="False" />
            <line number="244" hits="0" branch="False" />
            <line number="245" hits="0" branch="False" />
            <line number="246" hits="0" branch="False" />
            <line number="247" hits="0" branch="False" />
            <line number="248" hits="0" branch="False" />
            <line number="249" hits="0" branch="False" />
            <line number="250" hits="0" branch="False" />
            <line number="251" hits="0" branch="False" />
            <line number="252" hits="0" branch="False" />
            <line number="253" hits="0" branch="False" />
            <line number="254" hits="0" branch="False" />
            <line number="255" hits="0" branch="False" />
            <line number="256" hits="0" branch="False" />
            <line number="257" hits="0" branch="False" />
            <line number="258" hits="0" branch="False" />
            <line number="259" hits="0" branch="False" />
            <line number="260" hits="0" branch="False" />
            <line number="261" hits="0" branch="False" />
            <line number="262" hits="0" branch="False" />
            <line number="263" hits="0" branch="False" />
            <line number="264" hits="0" branch="False" />
            <line number="265" hits="0" branch="False" />
            <line number="266" hits="0" branch="False" />
            <line number="267" hits="0" branch="False" />
            <line number="268" hits="0" branch="False" />
            <line number="269" hits="0" branch="False" />
            <line number="270" hits="0" branch="False" />
            <line number="271" hits="0" branch="False" />
            <line number="272" hits="0" branch="False" />
            <line number="273" hits="0" branch="False" />
            <line number="274" hits="0" branch="False" />
            <line number="275" hits="0" branch="False" />
            <line number="276" hits="0" branch="False" />
            <line number="277" hits="0" branch="False" />
            <line number="278" hits="0" branch="False" />
            <line number="279" hits="0" branch="False" />
            <line number="280" hits="0" branch="False" />
            <line number="281" hits="0" branch="False" />
            <line number="282" hits="0" branch="False" />
            <line number="283" hits="0" branch="False" />
            <line number="284" hits="0" branch="False" />
            <line number="285" hits="0" branch="False" />
            <line number="286" hits="0" branch="False" />
            <line number="287" hits="0" branch="False" />
            <line number="288" hits="0" branch="False" />
            <line number="289" hits="0" branch="False" />
            <line number="290" hits="0" branch="False" />
            <line number="291" hits="0" branch="False" />
            <line number="292" hits="0" branch="False" />
            <line number="293" hits="0" branch="False" />
            <line number="294" hits="0" branch="False" />
            <line number="295" hits="0" branch="False" />
            <line number="296" hits="0" branch="False" />
            <line number="297" hits="0" branch="False" />
            <line number="298" hits="0" branch="False" />
            <line number="299" hits="0" branch="False" />
            <line number="300" hits="0" branch="False" />
            <line number="301" hits="0" branch="False" />
            <line number="302" hits="0" branch="False" />
            <line number="303" hits="0" branch="False" />
            <line number="304" hits="0" branch="False" />
            <line number="305" hits="0" branch="False" />
            <line number="306" hits="0" branch="False" />
            <line number="307" hits="0" branch="False" />
            <line number="308" hits="0" branch="False" />
            <line number="309" hits="0" branch="False" />
            <line number="310" hits="0" branch="False" />
            <line number="311" hits="0" branch="False" />
            <line number="312" hits="0" branch="False" />
            <line number="313" hits="0" branch="False" />
            <line number="314" hits="0" branch="False" />
            <line number="315" hits="0" branch="False" />
            <line number="316" hits="0" branch="False" />
            <line number="317" hits="0" branch="False" />
            <line number="318" hits="0" branch="False" />
            <line number="319" hits="0" branch="False" />
            <line number="320" hits="0" branch="False" />
            <line number="321" hits="0" branch="False" />
            <line number="322" hits="0" branch="False" />
            <line number="323" hits="0" branch="False" />
            <line number="324" hits="0" branch="False" />
            <line number="325" hits="0" branch="False" />
            <line number="326" hits="0" branch="False" />
            <line number="327" hits="0" branch="False" />
            <line number="330" hits="0" branch="False" />
            <line number="331" hits="0" branch="False" />
            <line number="332" hits="0" branch="False" />
            <line number="333" hits="0" branch="False" />
            <line number="334" hits="0" branch="False" />
            <line number="335" hits="0" branch="False" />
            <line number="336" hits="0" branch="False" />
            <line number="337" hits="0" branch="False" />
            <line number="340" hits="0" branch="False" />
            <line number="341" hits="0" branch="False" />
            <line number="342" hits="0" branch="True" condition-coverage="0% (0/2)">
              <conditions>
                <condition number="1747" type="jump" coverage="0%" />
              </conditions>
            </line>
            <line number="343" hits="0" branch="False" />
            <line number="344" hits="0" branch="False" />
            <line number="345" hits="0" branch="False" />
            <line number="346" hits="0" branch="False" />
            <line number="347" hits="0" branch="False" />
            <line number="348" hits="0" branch="False" />
            <line number="350" hits="0" branch="False" />
            <line number="351" hits="0" branch="False" />
            <line number="353" hits="0" branch="False" />
            <line number="354" hits="0" branch="False" />
            <line number="355" hits="0" branch="False" />
            <line number="356" hits="0" branch="False" />
            <line number="357" hits="0" branch="False" />
            <line number="358" hits="0" branch="False" />
            <line number="359" hits="0" branch="False" />
            <line number="360" hits="0" branch="False" />
            <line number="361" hits="0" branch="False" />
            <line number="362" hits="0" branch="False" />
            <line number="365" hits="0" branch="True" condition-coverage="0% (0/2)">
              <conditions>
                <condition number="1909" type="jump" coverage="0%" />
              </conditions>
            </line>
            <line number="366" hits="0" branch="False" />
            <line number="367" hits="0" branch="False" />
            <line number="368" hits="0" branch="False" />
            <line number="369" hits="0" branch="False" />
            <line number="372" hits="0" branch="False" />
            <line number="373" hits="0" branch="False" />
            <line number="375" hits="0" branch="False" />
            <line number="378" hits="0" branch="False" />
            <line number="379" hits="0" branch="False" />
            <line number="381" hits="0" branch="False" />
            <line number="382" hits="0" branch="False" />
            <line number="383" hits="0" branch="False" />
            <line number="385" hits="0" branch="False" />
          </lines>
        </class>
        <class name="AspNetCoreGeneratedDocument.Views_Account_Login/&lt;ExecuteAsync&gt;d__15" filename="Views/Account/Login.cshtml" line-rate="0" branch-rate="0" complexity="16">
          <methods>
            <method name="MoveNext" signature="()" line-rate="0" branch-rate="0" complexity="16">
              <lines>
                <line number="2" hits="0" branch="False" />
                <line number="15" hits="0" branch="True" condition-coverage="0% (0/8)">
                  <conditions>
                    <condition number="101" type="jump" coverage="0%" />
                    <condition number="169" type="jump" coverage="0%" />
                    <condition number="247" type="jump" coverage="0%" />
                    <condition number="342" type="jump" coverage="0%" />
                  </conditions>
                </line>
                <line number="16" hits="0" branch="True" condition-coverage="0% (0/4)">
                  <conditions>
                    <condition number="370" type="jump" coverage="0%" />
                    <condition number="462" type="jump" coverage="0%" />
                  </conditions>
                </line>
                <line number="20" hits="0" branch="True" condition-coverage="0% (0/4)">
                  <conditions>
                    <condition number="1047" type="jump" coverage="0%" />
                    <condition number="1615" type="jump" coverage="0%" />
                  </conditions>
                </line>
              </lines>
            </method>
          </methods>
          <lines>
            <line number="2" hits="0" branch="False" />
            <line number="15" hits="0" branch="True" condition-coverage="0% (0/8)">
              <conditions>
                <condition number="101" type="jump" coverage="0%" />
                <condition number="169" type="jump" coverage="0%" />
                <condition number="247" type="jump" coverage="0%" />
                <condition number="342" type="jump" coverage="0%" />
              </conditions>
            </line>
            <line number="16" hits="0" branch="True" condition-coverage="0% (0/4)">
              <conditions>
                <condition number="370" type="jump" coverage="0%" />
                <condition number="462" type="jump" coverage="0%" />
              </conditions>
            </line>
            <line number="20" hits="0" branch="True" condition-coverage="0% (0/4)">
              <conditions>
                <condition number="1047" type="jump" coverage="0%" />
                <condition number="1615" type="jump" coverage="0%" />
              </conditions>
            </line>
          </lines>
        </class>
        <class name="AspNetCoreGeneratedDocument.Views_Admin_Create/&lt;&lt;ExecuteAsync&gt;b__45_0&gt;d" filename="Views/Admin/Create.cshtml" line-rate="0" branch-rate="0" complexity="72">
          <methods>
            <method name="MoveNext" signature="()" line-rate="0" branch-rate="0" complexity="72">
              <lines>
                <line number="31" hits="0" branch="True" condition-coverage="0% (0/16)">
                  <conditions>
                    <condition number="976" type="jump" coverage="0%" />
                    <condition number="1579" type="jump" coverage="0%" />
                    <condition number="2147" type="jump" coverage="0%" />
                    <condition number="2618" type="jump" coverage="0%" />
                    <condition number="2678" type="jump" coverage="0%" />
                    <condition number="3042" type="jump" coverage="0%" />
                    <condition number="3659" type="jump" coverage="0%" />
                    <condition number="3873" type="jump" coverage="0%" />
                  </conditions>
                </line>
                <line number="32" hits="0" branch="False" />
                <line number="36" hits="0" branch="True" condition-coverage="0% (0/56)">
                  <conditions>
                    <condition number="4380" type="jump" coverage="0%" />
                    <condition number="5105" type="jump" coverage="0%" />
                    <condition number="5724" type="jump" coverage="0%" />
                    <condition number="6329" type="jump" coverage="0%" />
                    <condition number="6970" type="jump" coverage="0%" />
                    <condition number="7589" type="jump" coverage="0%" />
                    <condition number="8194" type="jump" coverage="0%" />
                    <condition number="8941" type="jump" coverage="0%" />
                    <condition number="9560" type="jump" coverage="0%" />
                    <condition number="10165" type="jump" coverage="0%" />
                    <condition number="10770" type="jump" coverage="0%" />
                    <condition number="11389" type="jump" coverage="0%" />
                    <condition number="11994" type="jump" coverage="0%" />
                    <condition number="12657" type="jump" coverage="0%" />
                    <condition number="13276" type="jump" coverage="0%" />
                    <condition number="13881" type="jump" coverage="0%" />
                    <condition number="14544" type="jump" coverage="0%" />
                    <condition number="15163" type="jump" coverage="0%" />
                    <condition number="15768" type="jump" coverage="0%" />
                    <condition number="16517" type="jump" coverage="0%" />
                    <condition number="17136" type="jump" coverage="0%" />
                    <condition number="17741" type="jump" coverage="0%" />
                    <condition number="18490" type="jump" coverage="0%" />
                    <condition number="19109" type="jump" coverage="0%" />
                    <condition number="19714" type="jump" coverage="0%" />
                    <condition number="20463" type="jump" coverage="0%" />
                    <condition number="21082" type="jump" coverage="0%" />
                    <condition number="21598" type="jump" coverage="0%" />
                  </conditions>
                </line>
              </lines>
            </method>
          </methods>
          <lines>
            <line number="31" hits="0" branch="True" condition-coverage="0% (0/16)">
              <conditions>
                <condition number="976" type="jump" coverage="0%" />
                <condition number="1579" type="jump" coverage="0%" />
                <condition number="2147" type="jump" coverage="0%" />
                <condition number="2618" type="jump" coverage="0%" />
                <condition number="2678" type="jump" coverage="0%" />
                <condition number="3042" type="jump" coverage="0%" />
                <condition number="3659" type="jump" coverage="0%" />
                <condition number="3873" type="jump" coverage="0%" />
              </conditions>
            </line>
            <line number="32" hits="0" branch="False" />
            <line number="36" hits="0" branch="True" condition-coverage="0% (0/56)">
              <conditions>
                <condition number="4380" type="jump" coverage="0%" />
                <condition number="5105" type="jump" coverage="0%" />
                <condition number="5724" type="jump" coverage="0%" />
                <condition number="6329" type="jump" coverage="0%" />
                <condition number="6970" type="jump" coverage="0%" />
                <condition number="7589" type="jump" coverage="0%" />
                <condition number="8194" type="jump" coverage="0%" />
                <condition number="8941" type="jump" coverage="0%" />
                <condition number="9560" type="jump" coverage="0%" />
                <condition number="10165" type="jump" coverage="0%" />
                <condition number="10770" type="jump" coverage="0%" />
                <condition number="11389" type="jump" coverage="0%" />
                <condition number="11994" type="jump" coverage="0%" />
                <condition number="12657" type="jump" coverage="0%" />
                <condition number="13276" type="jump" coverage="0%" />
                <condition number="13881" type="jump" coverage="0%" />
                <condition number="14544" type="jump" coverage="0%" />
                <condition number="15163" type="jump" coverage="0%" />
                <condition number="15768" type="jump" coverage="0%" />
                <condition number="16517" type="jump" coverage="0%" />
                <condition number="17136" type="jump" coverage="0%" />
                <condition number="17741" type="jump" coverage="0%" />
                <condition number="18490" type="jump" coverage="0%" />
                <condition number="19109" type="jump" coverage="0%" />
                <condition number="19714" type="jump" coverage="0%" />
                <condition number="20463" type="jump" coverage="0%" />
                <condition number="21082" type="jump" coverage="0%" />
                <condition number="21598" type="jump" coverage="0%" />
              </conditions>
            </line>
          </lines>
        </class>
        <class name="AspNetCoreGeneratedDocument.Views_Admin_Create/&lt;ExecuteAsync&gt;d__45" filename="Views/Admin/Create.cshtml" line-rate="0" branch-rate="0" complexity="2">
          <methods>
            <method name="MoveNext" signature="()" line-rate="0" branch-rate="0" complexity="2">
              <lines>
                <line number="4" hits="0" branch="True" condition-coverage="0% (0/2)">
                  <conditions>
                    <condition number="442" type="jump" coverage="0%" />
                  </conditions>
                </line>
              </lines>
            </method>
          </methods>
          <lines>
            <line number="4" hits="0" branch="True" condition-coverage="0% (0/2)">
              <conditions>
                <condition number="442" type="jump" coverage="0%" />
              </conditions>
            </line>
          </lines>
        </class>
        <class name="AspNetCoreGeneratedDocument.Views_Admin_Edit/&lt;&lt;ExecuteAsync&gt;b__53_0&gt;d" filename="Views/Admin/Edit.cshtml" line-rate="0" branch-rate="0" complexity="140">
          <methods>
            <method name="MoveNext" signature="()" line-rate="0" branch-rate="0" complexity="140">
              <lines>
                <line number="128" hits="0" branch="True" condition-coverage="0% (0/96)">
                  <conditions>
                    <condition number="1444" type="jump" coverage="0%" />
                    <condition number="2093" type="jump" coverage="0%" />
                    <condition number="2742" type="jump" coverage="0%" />
                    <condition number="3391" type="jump" coverage="0%" />
                    <condition number="4040" type="jump" coverage="0%" />
                    <condition number="4691" type="jump" coverage="0%" />
                    <condition number="4948" type="jump" coverage="0%" />
                    <condition number="5421" type="jump" coverage="0%" />
                    <condition number="6124" type="jump" coverage="0%" />
                    <condition number="6743" type="jump" coverage="0%" />
                    <condition number="7348" type="jump" coverage="0%" />
                    <condition number="7967" type="jump" coverage="0%" />
                    <condition number="8586" type="jump" coverage="0%" />
                    <condition number="9191" type="jump" coverage="0%" />
                    <condition number="9916" type="jump" coverage="0%" />
                    <condition number="10535" type="jump" coverage="0%" />
                    <condition number="11140" type="jump" coverage="0%" />
                    <condition number="11745" type="jump" coverage="0%" />
                    <condition number="12364" type="jump" coverage="0%" />
                    <condition number="12969" type="jump" coverage="0%" />
                    <condition number="13632" type="jump" coverage="0%" />
                    <condition number="14251" type="jump" coverage="0%" />
                    <condition number="14856" type="jump" coverage="0%" />
                    <condition number="15519" type="jump" coverage="0%" />
                    <condition number="16138" type="jump" coverage="0%" />
                    <condition number="16743" type="jump" coverage="0%" />
                    <condition number="17406" type="jump" coverage="0%" />
                    <condition number="18025" type="jump" coverage="0%" />
                    <condition number="18630" type="jump" coverage="0%" />
                    <condition number="19102" type="jump" coverage="0%" />
                    <condition number="19162" type="jump" coverage="0%" />
                    <condition number="19443" type="jump" coverage="0%" />
                    <condition number="20062" type="jump" coverage="0%" />
                    <condition number="20667" type="jump" coverage="0%" />
                    <condition number="21139" type="jump" coverage="0%" />
                    <condition number="21199" type="jump" coverage="0%" />
                    <condition number="21480" type="jump" coverage="0%" />
                    <condition number="22099" type="jump" coverage="0%" />
                    <condition number="22704" type="jump" coverage="0%" />
                    <condition number="23176" type="jump" coverage="0%" />
                    <condition number="23236" type="jump" coverage="0%" />
                    <condition number="23517" type="jump" coverage="0%" />
                    <condition number="24122" type="jump" coverage="0%" />
                    <condition number="24795" type="jump" coverage="0%" />
                    <condition number="25400" type="jump" coverage="0%" />
                    <condition number="26073" type="jump" coverage="0%" />
                    <condition number="26275" type="jump" coverage="0%" />
                    <condition number="26305" type="jump" coverage="0%" />
                  </conditions>
                </line>
                <line number="129" hits="0" branch="False" />
                <line number="133" hits="0" branch="True" condition-coverage="0% (0/2)">
                  <conditions>
                    <condition number="26631" type="jump" coverage="0%" />
                  </conditions>
                </line>
                <line number="134" hits="0" branch="False" />
                <line number="138" hits="0" branch="False" />
                <line number="141" hits="0" branch="True" condition-coverage="0% (0/42)">
                  <conditions>
                    <condition number="27124" type="jump" coverage="0%" />
                    <condition number="27729" type="jump" coverage="0%" />
                    <condition number="28348" type="jump" coverage="0%" />
                    <condition number="28953" type="jump" coverage="0%" />
                    <condition number="29648" type="jump" coverage="0%" />
                    <condition number="30267" type="jump" coverage="0%" />
                    <condition number="30872" type="jump" coverage="0%" />
                    <condition number="31567" type="jump" coverage="0%" />
                    <condition number="32186" type="jump" coverage="0%" />
                    <condition number="32791" type="jump" coverage="0%" />
                    <condition number="33486" type="jump" coverage="0%" />
                    <condition number="34105" type="jump" coverage="0%" />
                    <condition number="34800" type="jump" coverage="0%" />
                    <condition number="35090" type="jump" coverage="0%" />
                    <condition number="35566" type="jump" coverage="0%" />
                    <condition number="36185" type="jump" coverage="0%" />
                    <condition number="36790" type="jump" coverage="0%" />
                    <condition number="37485" type="jump" coverage="0%" />
                    <condition number="38090" type="jump" coverage="0%" />
                    <condition number="38763" type="jump" coverage="0%" />
                    <condition number="39432" type="jump" coverage="0%" />
                  </conditions>
                </line>
              </lines>
            </method>
          </methods>
          <lines>
            <line number="128" hits="0" branch="True" condition-coverage="0% (0/96)">
              <conditions>
                <condition number="1444" type="jump" coverage="0%" />
                <condition number="2093" type="jump" coverage="0%" />
                <condition number="2742" type="jump" coverage="0%" />
                <condition number="3391" type="jump" coverage="0%" />
                <condition number="4040" type="jump" coverage="0%" />
                <condition number="4691" type="jump" coverage="0%" />
                <condition number="4948" type="jump" coverage="0%" />
                <condition number="5421" type="jump" coverage="0%" />
                <condition number="6124" type="jump" coverage="0%" />
                <condition number="6743" type="jump" coverage="0%" />
                <condition number="7348" type="jump" coverage="0%" />
                <condition number="7967" type="jump" coverage="0%" />
                <condition number="8586" type="jump" coverage="0%" />
                <condition number="9191" type="jump" coverage="0%" />
                <condition number="9916" type="jump" coverage="0%" />
                <condition number="10535" type="jump" coverage="0%" />
                <condition number="11140" type="jump" coverage="0%" />
                <condition number="11745" type="jump" coverage="0%" />
                <condition number="12364" type="jump" coverage="0%" />
                <condition number="12969" type="jump" coverage="0%" />
                <condition number="13632" type="jump" coverage="0%" />
                <condition number="14251" type="jump" coverage="0%" />
                <condition number="14856" type="jump" coverage="0%" />
                <condition number="15519" type="jump" coverage="0%" />
                <condition number="16138" type="jump" coverage="0%" />
                <condition number="16743" type="jump" coverage="0%" />
                <condition number="17406" type="jump" coverage="0%" />
                <condition number="18025" type="jump" coverage="0%" />
                <condition number="18630" type="jump" coverage="0%" />
                <condition number="19102" type="jump" coverage="0%" />
                <condition number="19162" type="jump" coverage="0%" />
                <condition number="19443" type="jump" coverage="0%" />
                <condition number="20062" type="jump" coverage="0%" />
                <condition number="20667" type="jump" coverage="0%" />
                <condition number="21139" type="jump" coverage="0%" />
                <condition number="21199" type="jump" coverage="0%" />
                <condition number="21480" type="jump" coverage="0%" />
                <condition number="22099" type="jump" coverage="0%" />
                <condition number="22704" type="jump" coverage="0%" />
                <condition number="23176" type="jump" coverage="0%" />
                <condition number="23236" type="jump" coverage="0%" />
                <condition number="23517" type="jump" coverage="0%" />
                <condition number="24122" type="jump" coverage="0%" />
                <condition number="24795" type="jump" coverage="0%" />
                <condition number="25400" type="jump" coverage="0%" />
                <condition number="26073" type="jump" coverage="0%" />
                <condition number="26275" type="jump" coverage="0%" />
                <condition number="26305" type="jump" coverage="0%" />
              </conditions>
            </line>
            <line number="129" hits="0" branch="False" />
            <line number="133" hits="0" branch="True" condition-coverage="0% (0/2)">
              <conditions>
                <condition number="26631" type="jump" coverage="0%" />
              </conditions>
            </line>
            <line number="134" hits="0" branch="False" />
            <line number="138" hits="0" branch="False" />
            <line number="141" hits="0" branch="True" condition-coverage="0% (0/42)">
              <conditions>
                <condition number="27124" type="jump" coverage="0%" />
                <condition number="27729" type="jump" coverage="0%" />
                <condition number="28348" type="jump" coverage="0%" />
                <condition number="28953" type="jump" coverage="0%" />
                <condition number="29648" type="jump" coverage="0%" />
                <condition number="30267" type="jump" coverage="0%" />
                <condition number="30872" type="jump" coverage="0%" />
                <condition number="31567" type="jump" coverage="0%" />
                <condition number="32186" type="jump" coverage="0%" />
                <condition number="32791" type="jump" coverage="0%" />
                <condition number="33486" type="jump" coverage="0%" />
                <condition number="34105" type="jump" coverage="0%" />
                <condition number="34800" type="jump" coverage="0%" />
                <condition number="35090" type="jump" coverage="0%" />
                <condition number="35566" type="jump" coverage="0%" />
                <condition number="36185" type="jump" coverage="0%" />
                <condition number="36790" type="jump" coverage="0%" />
                <condition number="37485" type="jump" coverage="0%" />
                <condition number="38090" type="jump" coverage="0%" />
                <condition number="38763" type="jump" coverage="0%" />
                <condition number="39432" type="jump" coverage="0%" />
              </conditions>
            </line>
          </lines>
        </class>
        <class name="AspNetCoreGeneratedDocument.Views_Admin_Edit/&lt;ExecuteAsync&gt;d__53" filename="Views/Admin/Edit.cshtml" line-rate="0" branch-rate="0" complexity="2">
          <methods>
            <method name="MoveNext" signature="()" line-rate="0" branch-rate="0" complexity="2">
              <lines>
                <line number="4" hits="0" branch="True" condition-coverage="0% (0/2)">
                  <conditions>
                    <condition number="514" type="jump" coverage="0%" />
                  </conditions>
                </line>
              </lines>
            </method>
          </methods>
          <lines>
            <line number="4" hits="0" branch="True" condition-coverage="0% (0/2)">
              <conditions>
                <condition number="514" type="jump" coverage="0%" />
              </conditions>
            </line>
          </lines>
        </class>
        <class name="AspNetCoreGeneratedDocument.Views_Admin_Index/&lt;ExecuteAsync&gt;d__39" filename="Views/Admin/Index.cshtml" line-rate="0" branch-rate="0" complexity="132">
          <methods>
            <method name="MoveNext" signature="()" line-rate="0" branch-rate="0" complexity="132">
              <lines>
                <line number="4" hits="0" branch="True" condition-coverage="0% (0/6)">
                  <conditions>
                    <condition number="569" type="jump" coverage="0%" />
                    <condition number="1083" type="jump" coverage="0%" />
                    <condition number="1597" type="jump" coverage="0%" />
                  </conditions>
                </line>
                <line number="17" hits="0" branch="True" condition-coverage="0% (0/8)">
                  <conditions>
                    <condition number="1787" type="jump" coverage="0%" />
                    <condition number="1855" type="jump" coverage="0%" />
                    <condition number="1933" type="jump" coverage="0%" />
                    <condition number="2030" type="jump" coverage="0%" />
                  </conditions>
                </line>
                <line number="18" hits="0" branch="True" condition-coverage="0% (0/4)">
                  <conditions>
                    <condition number="2058" type="jump" coverage="0%" />
                    <condition number="2150" type="jump" coverage="0%" />
                  </conditions>
                </line>
                <line number="22" hits="0" branch="True" condition-coverage="0% (0/14)">
                  <conditions>
                    <condition number="2706" type="jump" coverage="0%" />
                    <condition number="2896" type="jump" coverage="0%" />
                    <condition number="2988" type="jump" coverage="0%" />
                    <condition number="3098" type="jump" coverage="0%" />
                    <condition number="3190" type="jump" coverage="0%" />
                    <condition number="3306" type="jump" coverage="0%" />
                    <condition number="3367" type="jump" coverage="0%" />
                  </conditions>
                </line>
                <line number="106" hits="0" branch="True" condition-coverage="0% (0/18)">
                  <conditions>
                    <condition number="3496" type="jump" coverage="0%" />
                    <condition number="3564" type="jump" coverage="0%" />
                    <condition number="3642" type="jump" coverage="0%" />
                    <condition number="3737" type="jump" coverage="0%" />
                    <condition number="3807" type="jump" coverage="0%" />
                    <condition number="3817" type="jump" coverage="0%" />
                    <condition number="3896" type="jump" coverage="0%" />
                    <condition number="3957" type="jump" coverage="0%" />
                    <condition number="4067" type="jump" coverage="0%" />
                  </conditions>
                </line>
                <line number="107" hits="0" branch="False" />
                <line number="127" hits="0" branch="True" condition-coverage="0% (0/6)">
                  <conditions>
                    <condition number="4114" type="jump" coverage="0%" />
                    <condition number="4175" type="jump" coverage="0%" />
                    <condition number="5528" type="jump" coverage="0%" />
                  </conditions>
                </line>
                <line number="128" hits="0" branch="True" condition-coverage="0% (0/2)">
                  <conditions>
                    <condition number="4475" type="jump" coverage="0%" />
                  </conditions>
                </line>
                <line number="136" hits="0" branch="True" condition-coverage="0% (0/2)">
                  <conditions>
                    <condition number="4674" type="jump" coverage="0%" />
                  </conditions>
                </line>
                <line number="137" hits="0" branch="False" />
                <line number="139" hits="0" branch="False" />
                <line number="141" hits="0" branch="False" />
                <line number="143" hits="0" branch="True" condition-coverage="0% (0/4)">
                  <conditions>
                    <condition number="4969" type="jump" coverage="0%" />
                    <condition number="5323" type="jump" coverage="0%" />
                  </conditions>
                </line>
                <line number="151" hits="0" branch="False" />
                <line number="159" hits="0" branch="False" />
                <line number="181" hits="0" branch="True" condition-coverage="0% (0/2)">
                  <conditions>
                    <condition number="5625" type="jump" coverage="0%" />
                  </conditions>
                </line>
                <line number="182" hits="0" branch="False" />
                <line number="190" hits="0" branch="False" />
                <line number="192" hits="0" branch="False" />
                <line number="193" hits="0" branch="True" condition-coverage="0% (0/2)">
                  <conditions>
                    <condition number="10099" type="jump" coverage="0%" />
                  </conditions>
                </line>
                <line number="194" hits="0" branch="False" />
                <line number="195" hits="0" branch="True" condition-coverage="0% (0/32)">
                  <conditions>
                    <condition number="5809" type="jump" coverage="0%" />
                    <condition number="5818" type="jump" coverage="0%" />
                    <condition number="5832" type="jump" coverage="0%" />
                    <condition number="5860" type="jump" coverage="0%" />
                    <condition number="5869" type="jump" coverage="0%" />
                    <condition number="5894" type="jump" coverage="0%" />
                    <condition number="5880" type="jump" coverage="0%" />
                    <condition number="5846" type="jump" coverage="0%" />
                    <condition number="5905" type="jump" coverage="0%" />
                    <condition number="5924" type="jump" coverage="0%" />
                    <condition number="5943" type="jump" coverage="0%" />
                    <condition number="5962" type="jump" coverage="0%" />
                    <condition number="5978" type="jump" coverage="0%" />
                    <condition number="5994" type="jump" coverage="0%" />
                    <condition number="6010" type="jump" coverage="0%" />
                    <condition number="6026" type="jump" coverage="0%" />
                  </conditions>
                </line>
                <line number="196" hits="0" branch="False" />
                <line number="197" hits="0" branch="False" />
                <line number="198" hits="0" branch="False" />
                <line number="199" hits="0" branch="False" />
                <line number="200" hits="0" branch="False" />
                <line number="201" hits="0" branch="False" />
                <line number="202" hits="0" branch="False" />
                <line number="203" hits="0" branch="False" />
                <line number="204" hits="0" branch="False" />
                <line number="205" hits="0" branch="False" />
                <line number="210" hits="0" branch="True" condition-coverage="0% (0/2)">
                  <conditions>
                    <condition number="6198" type="jump" coverage="0%" />
                  </conditions>
                </line>
                <line number="211" hits="0" branch="False" />
                <line number="213" hits="0" branch="False" />
                <line number="214" hits="0" branch="True" condition-coverage="0% (0/2)">
                  <conditions>
                    <condition number="6237" type="jump" coverage="0%" />
                  </conditions>
                </line>
                <line number="215" hits="0" branch="False" />
                <line number="217" hits="0" branch="False" />
                <line number="218" hits="0" branch="True" condition-coverage="0% (0/2)">
                  <conditions>
                    <condition number="6278" type="jump" coverage="0%" />
                  </conditions>
                </line>
                <line number="219" hits="0" branch="False" />
                <line number="221" hits="0" branch="False" />
                <line number="222" hits="0" branch="True" condition-coverage="0% (0/2)">
                  <conditions>
                    <condition number="6322" type="jump" coverage="0%" />
                  </conditions>
                </line>
                <line number="223" hits="0" branch="False" />
                <line number="225" hits="0" branch="True" condition-coverage="0% (0/2)">
                  <conditions>
                    <condition number="6486" type="jump" coverage="0%" />
                  </conditions>
                </line>
                <line number="232" hits="0" branch="True" condition-coverage="0% (0/4)">
                  <conditions>
                    <condition number="6812" type="jump" coverage="0%" />
                    <condition number="6841" type="jump" coverage="0%" />
                  </conditions>
                </line>
                <line number="233" hits="0" branch="False" />
                <line number="235" hits="0" branch="True" condition-coverage="0% (0/2)">
                  <conditions>
                    <condition number="6879" type="jump" coverage="0%" />
                  </conditions>
                </line>
                <line number="236" hits="0" branch="False" />
                <line number="238" hits="0" branch="False" />
                <line number="240" hits="0" branch="False" />
                <line number="242" hits="0" branch="False" />
                <line number="243" hits="0" branch="True" condition-coverage="0% (0/16)">
                  <conditions>
                    <condition number="7238" type="jump" coverage="0%" />
                    <condition number="7615" type="jump" coverage="0%" />
                    <condition number="7902" type="jump" coverage="0%" />
                    <condition number="7913" type="jump" coverage="0%" />
                    <condition number="8243" type="jump" coverage="0%" />
                    <condition number="8642" type="jump" coverage="0%" />
                    <condition number="9060" type="jump" coverage="0%" />
                    <condition number="9887" type="jump" coverage="0%" />
                  </conditions>
                </line>
                <line number="265" hits="0" branch="False" />
                <line number="266" hits="0" branch="False" />
              </lines>
            </method>
          </methods>
          <lines>
            <line number="4" hits="0" branch="True" condition-coverage="0% (0/6)">
              <conditions>
                <condition number="569" type="jump" coverage="0%" />
                <condition number="1083" type="jump" coverage="0%" />
                <condition number="1597" type="jump" coverage="0%" />
              </conditions>
            </line>
            <line number="17" hits="0" branch="True" condition-coverage="0% (0/8)">
              <conditions>
                <condition number="1787" type="jump" coverage="0%" />
                <condition number="1855" type="jump" coverage="0%" />
                <condition number="1933" type="jump" coverage="0%" />
                <condition number="2030" type="jump" coverage="0%" />
              </conditions>
            </line>
            <line number="18" hits="0" branch="True" condition-coverage="0% (0/4)">
              <conditions>
                <condition number="2058" type="jump" coverage="0%" />
                <condition number="2150" type="jump" coverage="0%" />
              </conditions>
            </line>
            <line number="22" hits="0" branch="True" condition-coverage="0% (0/14)">
              <conditions>
                <condition number="2706" type="jump" coverage="0%" />
                <condition number="2896" type="jump" coverage="0%" />
                <condition number="2988" type="jump" coverage="0%" />
                <condition number="3098" type="jump" coverage="0%" />
                <condition number="3190" type="jump" coverage="0%" />
                <condition number="3306" type="jump" coverage="0%" />
                <condition number="3367" type="jump" coverage="0%" />
              </conditions>
            </line>
            <line number="106" hits="0" branch="True" condition-coverage="0% (0/18)">
              <conditions>
                <condition number="3496" type="jump" coverage="0%" />
                <condition number="3564" type="jump" coverage="0%" />
                <condition number="3642" type="jump" coverage="0%" />
                <condition number="3737" type="jump" coverage="0%" />
                <condition number="3807" type="jump" coverage="0%" />
                <condition number="3817" type="jump" coverage="0%" />
                <condition number="3896" type="jump" coverage="0%" />
                <condition number="3957" type="jump" coverage="0%" />
[...]
          <methods>
            <method name="Create" signature="()" line-rate="1" branch-rate="1" complexity="1">
              <lines>
                <line number="28" hits="1" branch="False" />
                <line number="29" hits="1" branch="False" />
                <line number="30" hits="1" branch="False" />
              </lines>
            </method>
            <method name="TecnicoExists" signature="(System.Int32)" line-rate="1" branch-rate="1" complexity="1">
              <lines>
                <line number="113" hits="2" branch="False" />
                <line number="114" hits="2" branch="False" />
                <line number="115" hits="2" branch="False" />
              </lines>
            </method>
            <method name=".ctor" signature="(AssistenciaTech.Data.AppDbContext)" line-rate="1" branch-rate="1" complexity="1">
              <lines>
                <line number="17" hits="13" branch="False" />
                <line number="18" hits="13" branch="False" />
                <line number="19" hits="13" branch="False" />
                <line number="20" hits="13" branch="False" />
              </lines>
            </method>
          </methods>
          <lines>
            <line number="28" hits="1" branch="False" />
            <line number="29" hits="1" branch="False" />
            <line number="30" hits="1" branch="False" />
            <line number="113" hits="2" branch="False" />
            <line number="114" hits="2" branch="False" />
            <line number="115" hits="2" branch="False" />
            <line number="17" hits="13" branch="False" />
            <line number="18" hits="13" branch="False" />
            <line number="19" hits="13" branch="False" />
            <line number="20" hits="13" branch="False" />
          </lines>
        </class>
        <class name="AssistenciaTech.Controllers.TecnicosController/&lt;Create&gt;d__4" filename="Controllers/TecnicosController.cs" line-rate="1" branch-rate="1" complexity="2">
          <methods>
            <method name="MoveNext" signature="()" line-rate="1" branch-rate="1" complexity="2">
              <lines>
                <line number="35" hits="2" branch="False" />
                <line number="36" hits="2" branch="True" condition-coverage="100% (2/2)">
                  <conditions>
                    <condition number="36" type="jump" coverage="100%" />
                  </conditions>
                </line>
                <line number="37" hits="1" branch="False" />
                <line number="38" hits="1" branch="False" />
                <line number="39" hits="1" branch="False" />
                <line number="40" hits="1" branch="False" />
                <line number="41" hits="1" branch="False" />
                <line number="42" hits="1" branch="False" />
                <line number="43" hits="1" branch="False" />
                <line number="45" hits="1" branch="False" />
                <line number="46" hits="1" branch="False" />
                <line number="47" hits="1" branch="False" />
                <line number="49" hits="1" branch="False" />
                <line number="50" hits="2" branch="False" />
              </lines>
            </method>
          </methods>
          <lines>
            <line number="35" hits="2" branch="False" />
            <line number="36" hits="2" branch="True" condition-coverage="100% (2/2)">
              <conditions>
                <condition number="36" type="jump" coverage="100%" />
              </conditions>
            </line>
            <line number="37" hits="1" branch="False" />
            <line number="38" hits="1" branch="False" />
            <line number="39" hits="1" branch="False" />
            <line number="40" hits="1" branch="False" />
            <line number="41" hits="1" branch="False" />
            <line number="42" hits="1" branch="False" />
            <line number="43" hits="1" branch="False" />
            <line number="45" hits="1" branch="False" />
            <line number="46" hits="1" branch="False" />
            <line number="47" hits="1" branch="False" />
            <line number="49" hits="1" branch="False" />
            <line number="50" hits="2" branch="False" />
          </lines>
        </class>
        <class name="AssistenciaTech.Controllers.TecnicosController/&lt;DeleteConfirmed&gt;d__7" filename="Controllers/TecnicosController.cs" line-rate="1" branch-rate="1" complexity="2">
          <methods>
            <method name="MoveNext" signature="()" line-rate="1" branch-rate="1" complexity="2">
              <lines>
                <line number="102" hits="2" branch="False" />
                <line number="103" hits="2" branch="False" />
                <line number="104" hits="2" branch="True" condition-coverage="100% (2/2)">
                  <conditions>
                    <condition number="198" type="jump" coverage="100%" />
                  </conditions>
                </line>
                <line number="105" hits="1" branch="False" />
                <line number="106" hits="1" branch="False" />
                <line number="107" hits="1" branch="False" />
                <line number="108" hits="1" branch="False" />
                <line number="109" hits="2" branch="False" />
                <line number="110" hits="2" branch="False" />
              </lines>
            </method>
          </methods>
          <lines>
            <line number="102" hits="2" branch="False" />
            <line number="103" hits="2" branch="False" />
            <line number="104" hits="2" branch="True" condition-coverage="100% (2/2)">
              <conditions>
                <condition number="198" type="jump" coverage="100%" />
              </conditions>
            </line>
            <line number="105" hits="1" branch="False" />
            <line number="106" hits="1" branch="False" />
            <line number="107" hits="1" branch="False" />
            <line number="108" hits="1" branch="False" />
            <line number="109" hits="2" branch="False" />
            <line number="110" hits="2" branch="False" />
          </lines>
        </class>
        <class name="AssistenciaTech.Controllers.TecnicosController/&lt;Edit&gt;d__5" filename="Controllers/TecnicosController.cs" line-rate="1" branch-rate="1" complexity="4">
          <methods>
            <method name="MoveNext" signature="()" line-rate="1" branch-rate="1" complexity="4">
              <lines>
                <line number="53" hits="3" branch="False" />
                <line number="54" hits="4" branch="True" condition-coverage="100% (2/2)">
                  <conditions>
                    <condition number="34" type="jump" coverage="100%" />
                  </conditions>
                </line>
                <line number="56" hits="2" branch="False" />
                <line number="57" hits="3" branch="True" condition-coverage="100% (2/2)">
                  <conditions>
                    <condition number="226" type="jump" coverage="100%" />
                  </conditions>
                </line>
                <line number="59" hits="1" branch="False" />
                <line number="60" hits="1" branch="False" />
                <line number="61" hits="1" branch="False" />
                <line number="62" hits="1" branch="False" />
                <line number="63" hits="1" branch="False" />
                <line number="64" hits="1" branch="False" />
                <line number="65" hits="1" branch="False" />
                <line number="67" hits="1" branch="False" />
                <line number="68" hits="3" branch="False" />
              </lines>
            </method>
          </methods>
          <lines>
            <line number="53" hits="3" branch="False" />
            <line number="54" hits="4" branch="True" condition-coverage="100% (2/2)">
              <conditions>
                <condition number="34" type="jump" coverage="100%" />
              </conditions>
            </line>
            <line number="56" hits="2" branch="False" />
            <line number="57" hits="3" branch="True" condition-coverage="100% (2/2)">
              <conditions>
                <condition number="226" type="jump" coverage="100%" />
              </conditions>
            </line>
            <line number="59" hits="1" branch="False" />
            <line number="60" hits="1" branch="False" />
            <line number="61" hits="1" branch="False" />
            <line number="62" hits="1" branch="False" />
            <line number="63" hits="1" branch="False" />
            <line number="64" hits="1" branch="False" />
            <line number="65" hits="1" branch="False" />
            <line number="67" hits="1" branch="False" />
            <line number="68" hits="3" branch="False" />
          </lines>
        </class>
        <class name="AssistenciaTech.Controllers.TecnicosController/&lt;Edit&gt;d__6" filename="Controllers/TecnicosController.cs" line-rate="0.8421" branch-rate="0.625" complexity="8">
          <methods>
            <method name="MoveNext" signature="()" line-rate="0.8421" branch-rate="0.625" complexity="8">
              <lines>
                <line number="73" hits="2" branch="False" />
                <line number="74" hits="2" branch="True" condition-coverage="50% (1/2)">
                  <conditions>
                    <condition number="40" type="jump" coverage="50%" />
                  </conditions>
                </line>
                <line number="76" hits="2" branch="True" condition-coverage="50% (1/2)">
                  <conditions>
                    <condition number="77" type="jump" coverage="50%" />
                  </conditions>
                </line>
                <line number="77" hits="2" branch="False" />
                <line number="79" hits="2" branch="False" />
                <line number="80" hits="2" branch="False" />
                <line number="81" hits="2" branch="True" condition-coverage="50% (1/2)">
                  <conditions>
                    <condition number="279" type="jump" coverage="50%" />
                  </conditions>
                </line>
                <line number="83" hits="2" branch="False" />
                <line number="84" hits="2" branch="False" />
                <line number="85" hits="2" branch="False" />
                <line number="87" hits="2" branch="False" />
                <line number="88" hits="0" branch="False" />
                <line number="89" hits="2" branch="False" />
                <line number="90" hits="2" branch="False" />
                <line number="91" hits="3" branch="True" condition-coverage="100% (2/2)">
                  <conditions>
                    <condition number="528" type="jump" coverage="100%" />
                  </conditions>
                </line>
                <line number="92" hits="1" branch="False" />
                <line number="94" hits="0" branch="False" />
                <line number="96" hits="0" branch="False" />
                <line number="97" hits="1" branch="False" />
              </lines>
            </method>
          </methods>
          <lines>
            <line number="73" hits="2" branch="False" />
            <line number="74" hits="2" branch="True" condition-coverage="50% (1/2)">
              <conditions>
                <condition number="40" type="jump" coverage="50%" />
              </conditions>
            </line>
            <line number="76" hits="2" branch="True" condition-coverage="50% (1/2)">
              <conditions>
                <condition number="77" type="jump" coverage="50%" />
              </conditions>
            </line>
            <line number="77" hits="2" branch="False" />
            <line number="79" hits="2" branch="False" />
            <line number="80" hits="2" branch="False" />
            <line number="81" hits="2" branch="True" condition-coverage="50% (1/2)">
              <conditions>
                <condition number="279" type="jump" coverage="50%" />
              </conditions>
            </line>
            <line number="83" hits="2" branch="False" />
            <line number="84" hits="2" branch="False" />
            <line number="85" hits="2" branch="False" />
            <line number="87" hits="2" branch="False" />
            <line number="88" hits="0" branch="False" />
            <line number="89" hits="2" branch="False" />
            <line number="90" hits="2" branch="False" />
            <line number="91" hits="3" branch="True" condition-coverage="100% (2/2)">
              <conditions>
                <condition number="528" type="jump" coverage="100%" />
              </conditions>
            </line>
            <line number="92" hits="1" branch="False" />
            <line number="94" hits="0" branch="False" />
            <line number="96" hits="0" branch="False" />
            <line number="97" hits="1" branch="False" />
          </lines>
        </class>
        <class name="AssistenciaTech.Controllers.TecnicosController/&lt;Index&gt;d__2" filename="Controllers/TecnicosController.cs" line-rate="1" branch-rate="1" complexity="1">
          <methods>
            <method name="MoveNext" signature="()" line-rate="1" branch-rate="1" complexity="1">
              <lines>
                <line number="23" hits="1" branch="False" />
                <line number="24" hits="1" branch="False" />
                <line number="25" hits="1" branch="False" />
              </lines>
            </method>
          </methods>
          <lines>
            <line number="23" hits="1" branch="False" />
            <line number="24" hits="1" branch="False" />
            <line number="25" hits="1" branch="False" />
          </lines>
        </class>
        <class name="AssistenciaTech.Controllers.TelegramWebhookController" filename="Controllers/TelegramWebhookController.cs" line-rate="1" branch-rate="1" complexity="1">
          <methods>
            <method name=".ctor" signature="(Microsoft.Extensions.Logging.ILogger`1&lt;AssistenciaTech.Controllers.TelegramWebhookController&gt;,AssistenciaTech.Services.TelegramCommands.ITelegramCommandHandler,Microsoft.Extensions.Configuration.IConfiguration)" line-rate="1" branch-rate="1" complexity="1">
              <lines>
                <line number="25" hits="6" branch="False" />
                <line number="26" hits="6" branch="False" />
                <line number="27" hits="6" branch="False" />
                <line number="28" hits="6" branch="False" />
                <line number="29" hits="6" branch="False" />
                <line number="30" hits="6" branch="False" />
              </lines>
            </method>
          </methods>
          <lines>
            <line number="25" hits="6" branch="False" />
            <line number="26" hits="6" branch="False" />
            <line number="27" hits="6" branch="False" />
            <line number="28" hits="6" branch="False" />
            <line number="29" hits="6" branch="False" />
            <line number="30" hits="6" branch="False" />
          </lines>
        </class>
        <class name="AssistenciaTech.Controllers.TelegramWebhookController/&lt;Webhook&gt;d__4" filename="Controllers/TelegramWebhookController.cs" line-rate="1" branch-rate="0.9285" complexity="14">
          <methods>
            <method name="MoveNext" signature="()" line-rate="1" branch-rate="0.9285" complexity="14">
              <lines>
                <line number="34" hits="6" branch="False" />
                <line number="36" hits="6" branch="False" />
                <line number="37" hits="6" branch="False" />
                <line number="38" hits="6" branch="True" condition-coverage="100% (4/4)">
                  <conditions>
                    <condition number="65" type="jump" coverage="100%" />
                    <condition number="89" type="jump" coverage="100%" />
                  </conditions>
                </line>
                <line number="39" hits="2" branch="False" />
                <line number="40" hits="2" branch="False" />
                <line number="41" hits="2" branch="False" />
                <line number="44" hits="4" branch="True" condition-coverage="100% (8/8)">
                  <conditions>
                    <condition number="158" type="jump" coverage="100%" />
                    <condition number="182" type="jump" coverage="100%" />
                    <condition number="206" type="jump" coverage="100%" />
                    <condition number="235" type="jump" coverage="100%" />
                  </conditions>
                </line>
                <line number="45" hits="4" branch="False" />
                <line number="46" hits="4" branch="False" />
                <line number="47" hits="4" branch="False" />
                <line number="48" hits="2" branch="False" />
                <line number="49" hits="2" branch="True" condition-coverage="50% (1/2)">
                  <conditions>
                    <condition number="254" type="jump" coverage="50%" />
                  </conditions>
                </line>
                <line number="50" hits="2" branch="False" />
                <line number="52" hits="2" branch="False" />
                <line number="53" hits="1" branch="False" />
                <line number="55" hits="3" branch="False" />
                <line number="57" hits="1" branch="False" />
                <line number="58" hits="1" branch="False" />
                <line number="59" hits="1" branch="False" />
                <line number="60" hits="1" branch="False" />
                <line number="62" hits="6" branch="False" />
              </lines>
            </method>
          </methods>
          <lines>
            <line number="34" hits="6" branch="False" />
            <line number="36" hits="6" branch="False" />
            <line number="37" hits="6" branch="False" />
            <line number="38" hits="6" branch="True" condition-coverage="100% (4/4)">
              <conditions>
                <condition number="65" type="jump" coverage="100%" />
                <condition number="89" type="jump" coverage="100%" />
              </conditions>
            </line>
            <line number="39" hits="2" branch="False" />
            <line number="40" hits="2" branch="False" />
            <line number="41" hits="2" branch="False" />
            <line number="44" hits="4" branch="True" condition-coverage="100% (8/8)">
              <conditions>
                <condition number="158" type="jump" coverage="100%" />
                <condition number="182" type="jump" coverage="100%" />
                <condition number="206" type="jump" coverage="100%" />
                <condition number="235" type="jump" coverage="100%" />
              </conditions>
            </line>
            <line number="45" hits="4" branch="False" />
            <line number="46" hits="4" branch="False" />
            <line number="47" hits="4" branch="False" />
            <line number="48" hits="2" branch="False" />
            <line number="49" hits="2" branch="True" condition-coverage="50% (1/2)">
              <conditions>
                <condition number="254" type="jump" coverage="50%" />
              </conditions>
            </line>
            <line number="50" hits="2" branch="False" />
            <line number="52" hits="2" branch="False" />
            <line number="53" hits="1" branch="False" />
            <line number="55" hits="3" branch="False" />
            <line number="57" hits="1" branch="False" />
            <line number="58" hits="1" branch="False" />
            <line number="59" hits="1" branch="False" />
            <line number="60" hits="1" branch="False" />
            <line number="62" hits="6" branch="False" />
          </lines>
        </class>
      </classes>
    </package>
  </packages>
</coverage>